ArtilleryAndroid2017010431/app/build/outputs/logs/manifest-merger-debug-report.txt
-- Merging decision tree log ---
manifest
ADDED from src\main\AndroidManifest.xml:2:1-455:12
	package
		ADDED from src\main\AndroidManifest.xml:3:5-43
		INJECTED from src\main\AndroidManifest.xml
		INJECTED from src\main\AndroidManifest.xml
	android:versionName
		ADDED from src\main\AndroidManifest.xml:5:5-30
		INJECTED from src\main\AndroidManifest.xml
		INJECTED from src\main\AndroidManifest.xml
	android:versionCode
		ADDED from src\main\AndroidManifest.xml:4:5-28
		INJECTED from src\main\AndroidManifest.xml
		INJECTED from src\main\AndroidManifest.xml
	xmlns:android
		ADDED from src\main\AndroidManifest.xml:2:11-69
uses-sdk
ADDED from src\main\AndroidManifest.xml:7:5-9:41
MERGED from [com.android.support:gridlayout-v7:18.0.0] AndroidManifest.xml:18:5-42
MERGED from [com.android.support.constraint:constraint-layout:1.0.0-alpha7] AndroidManifest.xml:5:5-7:41
MERGED from [com.android.support:design:25.3.1] AndroidManifest.xml:21:5-23:62
MERGED from [com.android.support:appcompat-v7:25.3.1] AndroidManifest.xml:21:5-23:78
MERGED from [com.android.support:animated-vector-drawable:25.3.1] AndroidManifest.xml:20:5-44
MERGED from [com.android.support:support-vector-drawable:25.3.1] AndroidManifest.xml:20:5-43
MERGED from [com.android.support:recyclerview-v7:25.3.1] AndroidManifest.xml:20:5-43
MERGED from [com.android.support:transition:25.3.1] AndroidManifest.xml:20:5-44
MERGED from [com.android.support:support-v4:25.3.1] AndroidManifest.xml:21:5-23:54
MERGED from [com.android.support:support-fragment:25.3.1] AndroidManifest.xml:21:5-23:60
MERGED from [com.android.support:support-media-compat:25.3.1] AndroidManifest.xml:21:5-23:63
MERGED from [com.android.support:support-core-ui:25.3.1] AndroidManifest.xml:21:5-23:58
MERGED from [com.android.support:support-core-utils:25.3.1] AndroidManifest.xml:21:5-23:61
MERGED from [com.android.support:support-compat:25.3.1] AndroidManifest.xml:21:5-23:58
	tools:overrideLibrary
		ADDED from [com.android.support:design:25.3.1] AndroidManifest.xml:23:9-59
	android:targetSdkVersion
		ADDED from src\main\AndroidManifest.xml:9:9-38
		INJECTED from src\main\AndroidManifest.xml
		INJECTED from src\main\AndroidManifest.xml
	android:minSdkVersion
		ADDED from src\main\AndroidManifest.xml:8:9-35
		INJECTED from src\main\AndroidManifest.xml
		INJECTED from src\main\AndroidManifest.xml
uses-permission#android.permission.ACCESS_FINE_LOCATION
ADDED from src\main\AndroidManifest.xml:11:5-79
	android:name
		ADDED from src\main\AndroidManifest.xml:11:22-76
uses-permission#android.permission.ACCESS_COARSE_LOCATION
ADDED from src\main\AndroidManifest.xml:13:5-81
	android:name
		ADDED from src\main\AndroidManifest.xml:13:22-78
uses-permission#android.permission.ACCESS_LOCATION_EXTRA_COMMANDS
ADDED from src\main\AndroidManifest.xml:14:5-89
	android:name
		ADDED from src\main\AndroidManifest.xml:14:22-86
uses-permission#android.permission.GET_ACCOUNTS
ADDED from src\main\AndroidManifest.xml:15:5-71
	android:name
		ADDED from src\main\AndroidManifest.xml:15:22-68
uses-permission#android.permission.USE_CREDENTIALS
ADDED from src\main\AndroidManifest.xml:16:5-74
	android:name
		ADDED from src\main\AndroidManifest.xml:16:22-71
uses-permission#android.permission.MANAGE_ACCOUNTS
ADDED from src\main\AndroidManifest.xml:17:5-74
	android:name
		ADDED from src\main\AndroidManifest.xml:17:22-71
uses-permission#android.permission.AUTHENTICATE_ACCOUNTS
ADDED from src\main\AndroidManifest.xml:18:5-80
	android:name
		ADDED from src\main\AndroidManifest.xml:18:22-77
uses-permission#android.permission.ACCESS_NETWORK_STATE
ADDED from src\main\AndroidManifest.xml:19:5-79
	android:name
		ADDED from src\main\AndroidManifest.xml:19:22-76
uses-permission#android.permission.INTERNET
ADDED from src\main\AndroidManifest.xml:20:5-67
	android:name
		ADDED from src\main\AndroidManifest.xml:20:22-64
uses-permission#android.permission.READ_SYNC_SETTINGS
ADDED from src\main\AndroidManifest.xml:21:5-77
	android:name
		ADDED from src\main\AndroidManifest.xml:21:22-74
uses-permission#com.android.launcher.permission.READ_SETTINGS
ADDED from src\main\AndroidManifest.xml:22:5-85
	android:name
		ADDED from src\main\AndroidManifest.xml:22:22-82
uses-permission#android.permission.CHANGE_WIFI_STATE
ADDED from src\main\AndroidManifest.xml:23:5-76
	android:name
		ADDED from src\main\AndroidManifest.xml:23:22-73
uses-permission#android.permission.ACCESS_WIFI_STATE
ADDED from src\main\AndroidManifest.xml:24:5-76
	android:name
		ADDED from src\main\AndroidManifest.xml:24:22-73
uses-permission#android.permission.READ_PHONE_STATE
ADDED from src\main\AndroidManifest.xml:25:5-75
	android:name
		ADDED from src\main\AndroidManifest.xml:25:22-72
uses-permission#android.permission.WRITE_EXTERNAL_STORAGE
ADDED from src\main\AndroidManifest.xml:26:5-81
	android:name
		ADDED from src\main\AndroidManifest.xml:26:22-78
uses-permission#android.permission.BROADCAST_STICKY
ADDED from src\main\AndroidManifest.xml:27:5-75
	android:name
		ADDED from src\main\AndroidManifest.xml:27:22-72
uses-permission#android.permission.WRITE_SETTINGS
ADDED from src\main\AndroidManifest.xml:28:5-73
	android:name
		ADDED from src\main\AndroidManifest.xml:28:22-70
uses-permission#android.permission.MOUNT_UNMOUNT_FILESYSTEMS
ADDED from src\main\AndroidManifest.xml:30:5-84
	android:name
		ADDED from src\main\AndroidManifest.xml:30:22-81
uses-permission#android.permission.BLUETOOTH_ADMIN
ADDED from src\main\AndroidManifest.xml:31:5-74
	android:name
		ADDED from src\main\AndroidManifest.xml:31:22-71
uses-permission#android.permission.BLUETOOTH
ADDED from src\main\AndroidManifest.xml:32:5-68
	android:name
		ADDED from src\main\AndroidManifest.xml:32:22-65
uses-permission#android.permission.CHANGE_WIFI_MULTICAST_STATE
ADDED from src\main\AndroidManifest.xml:34:5-86
	android:name
		ADDED from src\main\AndroidManifest.xml:34:22-83
uses-feature#android.hardware.bluetooth_le
ADDED from src\main\AndroidManifest.xml:36:5-38:35
	android:required
		ADDED from src\main\AndroidManifest.xml:38:9-32
	android:name
		ADDED from src\main\AndroidManifest.xml:37:9-53
uses-permission#android.permission.READ_EXTERNAL_STORAGE
ADDED from src\main\AndroidManifest.xml:42:5-80
	android:name
		ADDED from src\main\AndroidManifest.xml:42:22-77
application
ADDED from src\main\AndroidManifest.xml:44:5-453:19
MERGED from [com.android.support:gridlayout-v7:18.0.0] AndroidManifest.xml:19:5-20
MERGED from [com.android.support.constraint:constraint-layout:1.0.0-alpha7] AndroidManifest.xml:9:5-20
MERGED from [com.android.support:design:25.3.1] AndroidManifest.xml:29:5-20
MERGED from [com.android.support:appcompat-v7:25.3.1] AndroidManifest.xml:29:5-20
MERGED from [com.android.support:animated-vector-drawable:25.3.1] AndroidManifest.xml:26:5-20
MERGED from [com.android.support:support-vector-drawable:25.3.1] AndroidManifest.xml:26:5-20
MERGED from [com.android.support:transition:25.3.1] AndroidManifest.xml:26:5-20
MERGED from [com.android.support:support-v4:25.3.1] AndroidManifest.xml:29:5-20
MERGED from [com.android.support:support-fragment:25.3.1] AndroidManifest.xml:29:5-20
MERGED from [com.android.support:support-media-compat:25.3.1] AndroidManifest.xml:29:5-20
MERGED from [com.android.support:support-core-ui:25.3.1] AndroidManifest.xml:29:5-20
MERGED from [com.android.support:support-core-utils:25.3.1] AndroidManifest.xml:29:5-20
MERGED from [com.android.support:support-compat:25.3.1] AndroidManifest.xml:29:5-20
	android:label
		ADDED from src\main\AndroidManifest.xml:47:9-41
	android:allowBackup
		ADDED from src\main\AndroidManifest.xml:45:9-35
	android:icon
		ADDED from src\main\AndroidManifest.xml:46:9-45
	android:theme
		ADDED from src\main\AndroidManifest.xml:48:9-40
meta-data#com.baidu.lbsapi.API_KEY
ADDED from src\main\AndroidManifest.xml:51:9-53:64
	android:value
		ADDED from src\main\AndroidManifest.xml:53:13-61
	android:name
		ADDED from src\main\AndroidManifest.xml:52:13-52
service#com.qq.e.comm.DownloadService
ADDED from src\main\AndroidManifest.xml:55:9-57:40
	android:exported
		ADDED from src\main\AndroidManifest.xml:57:13-37
	android:name
		ADDED from src\main\AndroidManifest.xml:56:13-57
activity#com.qq.e.ads.ADActivity
ADDED from src\main\AndroidManifest.xml:59:9-61:86
	android:configChanges
		ADDED from src\main\AndroidManifest.xml:61:13-83
	android:name
		ADDED from src\main\AndroidManifest.xml:60:13-51
activity#com.example.artilleryandroid.SplashActivity
ADDED from src\main\AndroidManifest.xml:62:9-71:20
	android:screenOrientation
		ADDED from src\main\AndroidManifest.xml:64:13-49
	android:theme
		ADDED from src\main\AndroidManifest.xml:65:13-71
	android:name
		ADDED from src\main\AndroidManifest.xml:63:13-43
intent-filter#android.intent.action.MAIN+android.intent.category.LAUNCHER
ADDED from src\main\AndroidManifest.xml:66:13-70:29
action#android.intent.action.MAIN
ADDED from src\main\AndroidManifest.xml:67:17-69
	android:name
		ADDED from src\main\AndroidManifest.xml:67:25-66
category#android.intent.category.LAUNCHER
ADDED from src\main\AndroidManifest.xml:69:17-77
	android:name
		ADDED from src\main\AndroidManifest.xml:69:27-74
activity#com.example.artilleryandroid.MainActivity
ADDED from src\main\AndroidManifest.xml:72:9-78:20
	android:label
		ADDED from src\main\AndroidManifest.xml:74:13-45
	android:name
		ADDED from src\main\AndroidManifest.xml:73:13-41
activity#com.example.artilleryandroid.Menuofmian
ADDED from src\main\AndroidManifest.xml:79:9-81:57
	android:label
		ADDED from src\main\AndroidManifest.xml:81:13-45
	android:name
		ADDED from src\main\AndroidManifest.xml:80:13-39
activity#com.example.artilleryandroid.old.Menujiben
ADDED from src\main\AndroidManifest.xml:82:9-84:57
	android:label
		ADDED from src\main\AndroidManifest.xml:84:13-45
	android:name
		ADDED from src\main\AndroidManifest.xml:83:13-42
activity#com.example.artilleryandroid.jibenyunsuan.Zhengyunsuan
ADDED from src\main\AndroidManifest.xml:85:9-87:57
	android:label
		ADDED from src\main\AndroidManifest.xml:87:13-45
	android:name
		ADDED from src\main\AndroidManifest.xml:86:13-54
activity#com.example.artilleryandroid.jibenyunsuan.Niyunsuan1112
ADDED from src\main\AndroidManifest.xml:88:9-90:57
	android:label
		ADDED from src\main\AndroidManifest.xml:90:13-45
	android:name
		ADDED from src\main\AndroidManifest.xml:89:13-55
activity#com.example.artilleryandroid.jibenyunsuan.Sanbian1113
ADDED from src\main\AndroidManifest.xml:91:9-93:57
	android:label
		ADDED from src\main\AndroidManifest.xml:93:13-45
	android:name
		ADDED from src\main\AndroidManifest.xml:92:13-53
activity#com.example.artilleryandroid.jibenyunsuan.Zhengjiao1114
ADDED from src\main\AndroidManifest.xml:94:9-96:57
	android:label
		ADDED from src\main\AndroidManifest.xml:96:13-45
	android:name
		ADDED from src\main\AndroidManifest.xml:95:13-55
activity#com.example.artilleryandroid.jibenyunsuan.Shuangguan1115
ADDED from src\main\AndroidManifest.xml:97:9-99:57
	android:label
		ADDED from src\main\AndroidManifest.xml:99:13-45
	android:name
		ADDED from src\main\AndroidManifest.xml:98:13-56
activity#com.example.artilleryandroid.jibenyunsuan.Dandiangaocheng1116
ADDED from src\main\AndroidManifest.xml:100:9-102:57
	android:label
		ADDED from src\main\AndroidManifest.xml:102:13-45
	android:name
		ADDED from src\main\AndroidManifest.xml:101:13-61
activity#com.example.artilleryandroid.jibenyunsuan.Buzhujixian1117
ADDED from src\main\AndroidManifest.xml:103:9-105:57
	android:label
		ADDED from src\main\AndroidManifest.xml:105:13-45
	android:name
		ADDED from src\main\AndroidManifest.xml:104:13-57
activity#com.example.artilleryandroid.jibenyunsuan.Liangdianhoufang1118
ADDED from src\main\AndroidManifest.xml:106:9-108:57
	android:label
		ADDED from src\main\AndroidManifest.xml:108:13-45
	android:name
		ADDED from src\main\AndroidManifest.xml:107:13-62
activity#com.example.artilleryandroid.jibenyunsuan.Daoxianfa1119
ADDED from src\main\AndroidManifest.xml:109:9-111:57
	android:label
		ADDED from src\main\AndroidManifest.xml:111:13-45
	android:name
		ADDED from src\main\AndroidManifest.xml:110:13-55
activity#com.example.artilleryandroid.jibenyunsuan.Sandianhoufang111a
ADDED from src\main\AndroidManifest.xml:112:9-114:57
	android:label
		ADDED from src\main\AndroidManifest.xml:114:13-45
	android:name
		ADDED from src\main\AndroidManifest.xml:113:13-60
activity#com.example.artilleryandroid.jibenyunsuan.Zhuyuanjisuan
ADDED from src\main\AndroidManifest.xml:115:9-118:64
	android:label
		ADDED from src\main\AndroidManifest.xml:117:13-45
	android:windowSoftInputMode
		ADDED from src\main\AndroidManifest.xml:118:13-52
	android:name
		ADDED from src\main\AndroidManifest.xml:116:13-55
activity#com.example.artilleryandroid.old.DataMonitor
ADDED from src\main\AndroidManifest.xml:120:9-126:67
	android:screenOrientation
		ADDED from src\main\AndroidManifest.xml:125:13-49
	android:label
		ADDED from src\main\AndroidManifest.xml:123:13-33
	android:launchMode
		ADDED from src\main\AndroidManifest.xml:124:13-44
	android:configChanges
		ADDED from src\main\AndroidManifest.xml:122:13-63
	android:theme
		ADDED from src\main\AndroidManifest.xml:126:13-55
	android:name
		ADDED from src\main\AndroidManifest.xml:121:13-44
activity#com.example.artilleryandroid.old.DataMonitor222
ADDED from src\main\AndroidManifest.xml:127:9-133:67
	android:screenOrientation
		ADDED from src\main\AndroidManifest.xml:132:13-49
	android:label
		ADDED from src\main\AndroidManifest.xml:130:13-33
	android:launchMode
		ADDED from src\main\AndroidManifest.xml:131:13-44
	android:configChanges
		ADDED from src\main\AndroidManifest.xml:129:13-63
	android:theme
		ADDED from src\main\AndroidManifest.xml:133:13-55
	android:name
		ADDED from src\main\AndroidManifest.xml:128:13-47
activity#com.example.artilleryandroid.old.DeviceListActivity
ADDED from src\main\AndroidManifest.xml:134:9-138:59
	android:label
		ADDED from src\main\AndroidManifest.xml:137:13-50
	android:configChanges
		ADDED from src\main\AndroidManifest.xml:136:13-63
	android:theme
		ADDED from src\main\AndroidManifest.xml:138:13-56
	android:name
		ADDED from src\main\AndroidManifest.xml:135:13-51
activity#com.example.artilleryandroid.sdkDemo.DeviceListActivity
ADDED from src\main\AndroidManifest.xml:139:9-143:59
	android:label
		ADDED from src\main\AndroidManifest.xml:142:13-50
	android:configChanges
		ADDED from src\main\AndroidManifest.xml:141:13-63
	android:theme
		ADDED from src\main\AndroidManifest.xml:143:13-56
	android:name
		ADDED from src\main\AndroidManifest.xml:140:13-55
activity#com.example.artilleryandroid.sdkDemo.SDKDemoMain
ADDED from src\main\AndroidManifest.xml:144:9-161:20
	android:label
		ADDED from src\main\AndroidManifest.xml:146:13-43
	android:name
		ADDED from src\main\AndroidManifest.xml:145:13-48
activity#com.example.artilleryandroid.sdkDemo.MapControllDemo
ADDED from src\main\AndroidManifest.xml:164:9-175:20
	android:label
		ADDED from src\main\AndroidManifest.xml:168:13-52
	android:windowSoftInputMode
		ADDED from src\main\AndroidManifest.xml:169:13-52
	android:configChanges
		ADDED from src\main\AndroidManifest.xml:166:13-51
	android:description
		ADDED from src\main\AndroidManifest.xml:167:13-52
	android:name
		ADDED from src\main\AndroidManifest.xml:165:13-52
intent-filter#android.intent.action.MAIN+android.intent.category.DEFAULT
ADDED from src\main\AndroidManifest.xml:170:13-174:29
category#android.intent.category.DEFAULT
ADDED from src\main\AndroidManifest.xml:173:17-76
	android:name
		ADDED from src\main\AndroidManifest.xml:173:27-73
activity#com.example.artilleryandroid.sdkDemo.MapProjectionDemo
ADDED from src\main\AndroidManifest.xml:176:9-187:20
	android:label
		ADDED from src\main\AndroidManifest.xml:180:13-51
	android:windowSoftInputMode
		ADDED from src\main\AndroidManifest.xml:181:13-52
	android:configChanges
		ADDED from src\main\AndroidManifest.xml:178:13-51
	android:description
		ADDED from src\main\AndroidManifest.xml:179:13-52
	android:name
		ADDED from src\main\AndroidManifest.xml:177:13-54
activity#com.example.artilleryandroid.sdkDemo.MyLocationDemo
ADDED from src\main\AndroidManifest.xml:190:9-200:20
	android:label
		ADDED from src\main\AndroidManifest.xml:193:13-43
	android:launchMode
		ADDED from src\main\AndroidManifest.xml:194:13-44
	android:description
		ADDED from src\main\AndroidManifest.xml:192:13-52
	android:name
		ADDED from src\main\AndroidManifest.xml:191:13-51
activity#com.example.artilleryandroid.sdkDemo.OverlayDemo
ADDED from src\main\AndroidManifest.xml:201:9-212:20
	android:screenOrientation
		ADDED from src\main\AndroidManifest.xml:206:13-47
	android:label
		ADDED from src\main\AndroidManifest.xml:205:13-48
	android:configChanges
		ADDED from src\main\AndroidManifest.xml:203:13-63
	android:description
		ADDED from src\main\AndroidManifest.xml:204:13-52
	android:name
		ADDED from src\main\AndroidManifest.xml:202:13-48
activity#com.example.artilleryandroid.sdkDemo.ItemizedOverlayDemo
ADDED from src\main\AndroidManifest.xml:213:9-224:20
	android:screenOrientation
		ADDED from src\main\AndroidManifest.xml:218:13-47
	android:label
		ADDED from src\main\AndroidManifest.xml:217:13-56
	android:configChanges
		ADDED from src\main\AndroidManifest.xml:215:13-63
	android:description
		ADDED from src\main\AndroidManifest.xml:216:13-52
	android:name
		ADDED from src\main\AndroidManifest.xml:214:13-56
activity#com.example.artilleryandroid.sdkDemo.MarkerOverlayDemo
ADDED from src\main\AndroidManifest.xml:225:9-236:20
	android:screenOrientation
		ADDED from src\main\AndroidManifest.xml:230:13-47
	android:label
		ADDED from src\main\AndroidManifest.xml:229:13-54
	android:configChanges
		ADDED from src\main\AndroidManifest.xml:227:13-63
	android:description
		ADDED from src\main\AndroidManifest.xml:228:13-52
	android:name
		ADDED from src\main\AndroidManifest.xml:226:13-54
activity#com.example.artilleryandroid.sdkDemo.TextOverlayDemo
ADDED from src\main\AndroidManifest.xml:237:9-248:20
	android:screenOrientation
		ADDED from src\main\AndroidManifest.xml:242:13-47
	android:label
		ADDED from src\main\AndroidManifest.xml:241:13-52
	android:configChanges
		ADDED from src\main\AndroidManifest.xml:239:13-63
	android:description
		ADDED from src\main\AndroidManifest.xml:240:13-52
	android:name
		ADDED from src\main\AndroidManifest.xml:238:13-52
activity#com.example.artilleryandroid.sdkDemo.GeometryOverlayDemo
ADDED from src\main\AndroidManifest.xml:249:9-260:20
	android:screenOrientation
		ADDED from src\main\AndroidManifest.xml:254:13-47
	android:label
		ADDED from src\main\AndroidManifest.xml:253:13-56
	android:configChanges
		ADDED from src\main\AndroidManifest.xml:251:13-63
	android:description
		ADDED from src\main\AndroidManifest.xml:252:13-52
	android:name
		ADDED from src\main\AndroidManifest.xml:250:13-56
activity#com.example.artilleryandroid.sdkDemo.OfflineMapDemo
ADDED from src\main\AndroidManifest.xml:262:9-273:20
	android:label
		ADDED from src\main\AndroidManifest.xml:266:13-55
	android:launchMode
		ADDED from src\main\AndroidManifest.xml:267:13-44
	android:configChanges
		ADDED from src\main\AndroidManifest.xml:264:13-74
	android:description
		ADDED from src\main\AndroidManifest.xml:265:13-52
	android:name
		ADDED from src\main\AndroidManifest.xml:263:13-51
activity#com.example.artilleryandroid.sdkDemo.OfflineMapDemoList
ADDED from src\main\AndroidManifest.xml:274:9-285:20
	android:label
		ADDED from src\main\AndroidManifest.xml:278:13-55
	android:launchMode
		ADDED from src\main\AndroidManifest.xml:279:13-44
	android:configChanges
		ADDED from src\main\AndroidManifest.xml:276:13-74
	android:description
		ADDED from src\main\AndroidManifest.xml:277:13-52
	android:name
		ADDED from src\main\AndroidManifest.xml:275:13-55
activity#com.example.artilleryandroid.sdkDemo.PoiSearchDemo
ADDED from src\main\AndroidManifest.xml:287:9-298:20
	android:screenOrientation
		ADDED from src\main\AndroidManifest.xml:292:13-47
	android:label
		ADDED from src\main\AndroidManifest.xml:291:13-50
	android:configChanges
		ADDED from src\main\AndroidManifest.xml:289:13-63
	android:description
		ADDED from src\main\AndroidManifest.xml:290:13-52
	android:name
		ADDED from src\main\AndroidManifest.xml:288:13-50
activity#com.example.artilleryandroid.sdkDemo.GeoDecodeDemo
ADDED from src\main\AndroidManifest.xml:299:9-310:20
	android:label
		ADDED from src\main\AndroidManifest.xml:303:13-50
	android:launchMode
		ADDED from src\main\AndroidManifest.xml:304:13-44
	android:configChanges
		ADDED from src\main\AndroidManifest.xml:301:13-74
	android:description
		ADDED from src\main\AndroidManifest.xml:302:13-52
	android:name
		ADDED from src\main\AndroidManifest.xml:300:13-50
activity#com.example.artilleryandroid.sdkDemo.BusStationIDSearchDemo
ADDED from src\main\AndroidManifest.xml:311:9-322:20
	android:screenOrientation
		ADDED from src\main\AndroidManifest.xml:316:13-47
	android:label
		ADDED from src\main\AndroidManifest.xml:315:13-59
	android:configChanges
		ADDED from src\main\AndroidManifest.xml:313:13-63
	android:description
		ADDED from src\main\AndroidManifest.xml:314:13-52
	android:name
		ADDED from src\main\AndroidManifest.xml:312:13-59
activity#com.example.artilleryandroid.sdkDemo.BusLineIDSearchDemo
ADDED from src\main\AndroidManifest.xml:323:9-334:20
	android:screenOrientation
		ADDED from src\main\AndroidManifest.xml:328:13-47
	android:label
		ADDED from src\main\AndroidManifest.xml:327:13-56
	android:configChanges
		ADDED from src\main\AndroidManifest.xml:325:13-63
	android:description
		ADDED from src\main\AndroidManifest.xml:326:13-52
	android:name
		ADDED from src\main\AndroidManifest.xml:324:13-56
activity#com.example.artilleryandroid.sdkDemo.DeviceScanActivity
ADDED from src\main\AndroidManifest.xml:335:9-346:20
	android:screenOrientation
		ADDED from src\main\AndroidManifest.xml:340:13-47
	android:label
		ADDED from src\main\AndroidManifest.xml:339:13-56
	android:configChanges
		ADDED from src\main\AndroidManifest.xml:337:13-63
	android:description
		ADDED from src\main\AndroidManifest.xml:338:13-52
	android:name
		ADDED from src\main\AndroidManifest.xml:336:13-55
activity#com.example.artilleryandroid.sdkDemo.BusLineKeySearchDemo
ADDED from src\main\AndroidManifest.xml:347:9-358:20
	android:screenOrientation
		ADDED from src\main\AndroidManifest.xml:352:13-47
	android:label
		ADDED from src\main\AndroidManifest.xml:351:13-57
	android:configChanges
		ADDED from src\main\AndroidManifest.xml:349:13-63
	android:description
		ADDED from src\main\AndroidManifest.xml:350:13-52
	android:name
		ADDED from src\main\AndroidManifest.xml:348:13-57
activity#com.example.artilleryandroid.sdkDemo.DrivingDemo
ADDED from src\main\AndroidManifest.xml:359:9-368:20
	android:label
		ADDED from src\main\AndroidManifest.xml:362:13-48
	android:description
		ADDED from src\main\AndroidManifest.xml:361:13-52
	android:name
		ADDED from src\main\AndroidManifest.xml:360:13-48
activity#com.example.artilleryandroid.sdkDemo.TransitSearchDemo
ADDED from src\main\AndroidManifest.xml:369:9-380:20
	android:screenOrientation
		ADDED from src\main\AndroidManifest.xml:374:13-47
	android:label
		ADDED from src\main\AndroidManifest.xml:373:13-54
	android:configChanges
		ADDED from src\main\AndroidManifest.xml:371:13-63
	android:description
		ADDED from src\main\AndroidManifest.xml:372:13-52
	android:name
		ADDED from src\main\AndroidManifest.xml:370:13-54
activity#com.example.artilleryandroid.sdkDemo.ActivityLogoDemo
ADDED from src\main\AndroidManifest.xml:383:9-392:20
	android:label
		ADDED from src\main\AndroidManifest.xml:386:13-37
	android:description
		ADDED from src\main\AndroidManifest.xml:385:13-52
	android:name
		ADDED from src\main\AndroidManifest.xml:384:13-53
activity#com.example.artilleryandroid.sdkDemo.ActivitySimulateGpsDemo
ADDED from src\main\AndroidManifest.xml:393:9-402:20
	android:label
		ADDED from src\main\AndroidManifest.xml:396:13-37
	android:description
		ADDED from src\main\AndroidManifest.xml:395:13-52
	android:name
		ADDED from src\main\AndroidManifest.xml:394:13-60
service#com.example.artilleryandroid.sdkDemo.BluetoothLeService
ADDED from src\main\AndroidManifest.xml:404:9-406:38
	android:enabled
		ADDED from src\main\AndroidManifest.xml:406:13-35
	android:name
		ADDED from src\main\AndroidManifest.xml:405:13-55
service#com.example.artilleryandroid.old.BluetoothLeService
ADDED from src\main\AndroidManifest.xml:407:9-409:38
	android:enabled
		ADDED from src\main\AndroidManifest.xml:409:13-35
	android:name
		ADDED from src\main\AndroidManifest.xml:408:13-51
activity#com.baidu.appx.uikit.BDActivity
ADDED from src\main\AndroidManifest.xml:427:9-429:71
	android:configChanges
		ADDED from src\main\AndroidManifest.xml:429:13-59
	android:name
		ADDED from src\main\AndroidManifest.xml:428:13-59
receiver#com.baidu.appx.app_download.CompleteReceiver
ADDED from src\main\AndroidManifest.xml:431:9-441:20
	android:name
		ADDED from src\main\AndroidManifest.xml:431:19-78
intent-filter#android.intent.action.DOWNLOAD_COMPLETE+android.intent.action.DOWNLOAD_NOTIFICATION_CLICKED
ADDED from src\main\AndroidManifest.xml:432:13-435:29
action#android.intent.action.DOWNLOAD_COMPLETE
ADDED from src\main\AndroidManifest.xml:433:17-82
	android:name
		ADDED from src\main\AndroidManifest.xml:433:25-79
action#android.intent.action.DOWNLOAD_NOTIFICATION_CLICKED
ADDED from src\main\AndroidManifest.xml:434:17-94
	android:name
		ADDED from src\main\AndroidManifest.xml:434:25-91
intent-filter#android.intent.action.PACKAGE_ADDED
ADDED from src\main\AndroidManifest.xml:436:13-440:29
action#android.intent.action.PACKAGE_ADDED
ADDED from src\main\AndroidManifest.xml:437:17-78
	android:name
		ADDED from src\main\AndroidManifest.xml:437:25-75
data
ADDED from src\main\AndroidManifest.xml:439:17-50
	android:scheme
		ADDED from src\main\AndroidManifest.xml:439:23-47
activity#com.example.artilleryandroid.Tiandituhelp
ADDED from src\main\AndroidManifest.xml:443:9-445:76
	android:label
		ADDED from src\main\AndroidManifest.xml:445:13-64
	android:name
		ADDED from src\main\AndroidManifest.xml:444:13-41
activity#com.example.artilleryandroid.osmmap.OSMActivity
ADDED from src\main\AndroidManifest.xml:447:9-451:20
	android:label
		ADDED from src\main\AndroidManifest.xml:449:13-45
	android:name
		ADDED from src\main\AndroidManifest.xml:448:13-47
meta-data#android.support.VERSION
ADDED from [com.android.support:design:25.3.1] AndroidManifest.xml:25:5-27:34
MERGED from [com.android.support:appcompat-v7:25.3.1] AndroidManifest.xml:25:5-27:34
MERGED from [com.android.support:animated-vector-drawable:25.3.1] AndroidManifest.xml:22:5-24:34
MERGED from [com.android.support:support-vector-drawable:25.3.1] AndroidManifest.xml:22:5-24:34
MERGED from [com.android.support:recyclerview-v7:25.3.1] AndroidManifest.xml:22:5-24:34
MERGED from [com.android.support:transition:25.3.1] AndroidManifest.xml:22:5-24:34
MERGED from [com.android.support:support-v4:25.3.1] AndroidManifest.xml:25:5-27:34
MERGED from [com.android.support:support-fragment:25.3.1] AndroidManifest.xml:25:5-27:34
MERGED from [com.android.support:support-media-compat:25.3.1] AndroidManifest.xml:25:5-27:34
MERGED from [com.android.support:support-core-ui:25.3.1] AndroidManifest.xml:25:5-27:34
MERGED from [com.android.support:support-core-utils:25.3.1] AndroidManifest.xml:25:5-27:34
MERGED from [com.android.support:support-compat:25.3.1] AndroidManifest.xml:25:5-27:34
	android:value
		ADDED from [com.android.support:design:25.3.1] AndroidManifest.xml:27:9-31
	android:name
		ADDED from [com.android.support:design:25.3.1] AndroidManifest.xml:26:9-47